<?xml version="1.0" encoding="UTF-8"?>
<coverage generated="1566185240280" clover="3.2.0">
  <project timestamp="1566185240280" name="All files">
    <metrics statements="16" coveredstatements="16" conditionals="14" coveredconditionals="14" methods="4" coveredmethods="4" elements="34" coveredelements="34" complexity="0" loc="16" ncloc="16" packages="1" files="1" classes="1"/>
    <file name="fizzbuzz.js" path="/home/hyan/hyan/projects/tdd-jest-js/fizzbuzz.js">
      <metrics statements="16" coveredstatements="16" conditionals="14" coveredconditionals="14" methods="4" coveredmethods="4"/>
      <line num="5" count="16" type="stmt"/>
      <line num="6" count="16" type="cond" truecount="2" falsecount="0"/>
      <line num="10" count="12" type="stmt"/>
      <line num="11" count="12" type="cond" truecount="2" falsecount="0"/>
      <line num="15" count="16" type="stmt"/>
      <line num="16" count="16" type="stmt"/>
      <line num="17" count="16" type="cond" truecount="4" falsecount="0"/>
      <line num="18" count="14" type="stmt"/>
      <line num="22" count="15" type="stmt"/>
      <line num="23" count="15" type="cond" truecount="2" falsecount="0"/>
      <line num="25" count="14" type="stmt"/>
      <line num="26" count="14" type="cond" truecount="2" falsecount="0"/>
      <line num="28" count="10" type="stmt"/>
      <line num="29" count="10" type="cond" truecount="2" falsecount="0"/>
      <line num="31" count="8" type="stmt"/>
      <line num="36" count="1" type="stmt"/>
    </file>
  </project>
</coverage>
