{"/home/hyan/hyan/projects/tdd-jest-js/fizzbuzz.js": {"path":"/home/hyan/hyan/projects/tdd-jest-js/fizzbuzz.js","statementMap":{"0":{"start":{"line":5,"column":23},"end":{"line":5,"column":32}},"1":{"start":{"line":6,"column":8},"end":{"line":6,"column":43}},"2":{"start":{"line":10,"column":23},"end":{"line":10,"column":32}},"3":{"start":{"line":11,"column":8},"end":{"line":11,"column":44}},"4":{"start":{"line":15,"column":0},"end":{"line":15,"column":32}}},"fnMap":{"0":{"name":"(anonymous_0)","decl":{"start":{"line":4,"column":4},"end":{"line":4,"column":5}},"loc":{"start":{"line":4,"column":31},"end":{"line":7,"column":5}},"line":4},"1":{"name":"(anonymous_1)","decl":{"start":{"line":9,"column":4},"end":{"line":9,"column":5}},"loc":{"start":{"line":9,"column":30},"end":{"line":12,"column":5}},"line":9}},"branchMap":{"0":{"loc":{"start":{"line":6,"column":15},"end":{"line":6,"column":43}},"type":"cond-expr","locations":[{"start":{"line":6,"column":29},"end":{"line":6,"column":35}},{"start":{"line":6,"column":38},"end":{"line":6,"column":43}}],"line":6},"1":{"loc":{"start":{"line":11,"column":15},"end":{"line":11,"column":44}},"type":"cond-expr","locations":[{"start":{"line":11,"column":30},"end":{"line":11,"column":36}},{"start":{"line":11,"column":39},"end":{"line":11,"column":44}}],"line":11}},"s":{"0":2,"1":2,"2":2,"3":2,"4":1},"f":{"0":2,"1":2},"b":{"0":[1,1],"1":[1,1]},"_coverageSchema":"43e27e138ebf9cfc5966b082cf9a028302ed4184","hash":"fe3a88195d66c2ec833d3263e9373992aff1cfbf"}
}
