{"/home/hyan/hyan/projects/tdd-jest-js/fizzbuzz.js": {"path":"/home/hyan/hyan/projects/tdd-jest-js/fizzbuzz.js","statementMap":{"0":{"start":{"line":5,"column":23},"end":{"line":5,"column":32}},"1":{"start":{"line":6,"column":8},"end":{"line":6,"column":44}},"2":{"start":{"line":10,"column":23},"end":{"line":10,"column":32}},"3":{"start":{"line":11,"column":8},"end":{"line":11,"column":44}},"4":{"start":{"line":15,"column":29},"end":{"line":15,"column":38}},"5":{"start":{"line":16,"column":30},"end":{"line":16,"column":39}},"6":{"start":{"line":17,"column":8},"end":{"line":17,"column":72}},"7":{"start":{"line":17,"column":55},"end":{"line":17,"column":72}},"8":{"start":{"line":18,"column":8},"end":{"line":18,"column":20}},"9":{"start":{"line":22,"column":26},"end":{"line":22,"column":64}},"10":{"start":{"line":23,"column":8},"end":{"line":23,"column":49}},"11":{"start":{"line":23,"column":33},"end":{"line":23,"column":49}},"12":{"start":{"line":25,"column":22},"end":{"line":25,"column":53}},"13":{"start":{"line":26,"column":8},"end":{"line":26,"column":41}},"14":{"start":{"line":26,"column":29},"end":{"line":26,"column":41}},"15":{"start":{"line":28,"column":29},"end":{"line":28,"column":59}},"16":{"start":{"line":29,"column":8},"end":{"line":29,"column":55}},"17":{"start":{"line":29,"column":36},"end":{"line":29,"column":55}},"18":{"start":{"line":31,"column":8},"end":{"line":31,"column":20}},"19":{"start":{"line":36,"column":0},"end":{"line":36,"column":32}}},"fnMap":{"0":{"name":"(anonymous_0)","decl":{"start":{"line":4,"column":4},"end":{"line":4,"column":5}},"loc":{"start":{"line":4,"column":31},"end":{"line":7,"column":5}},"line":4},"1":{"name":"(anonymous_1)","decl":{"start":{"line":9,"column":4},"end":{"line":9,"column":5}},"loc":{"start":{"line":9,"column":30},"end":{"line":12,"column":5}},"line":9},"2":{"name":"(anonymous_2)","decl":{"start":{"line":14,"column":4},"end":{"line":14,"column":5}},"loc":{"start":{"line":14,"column":38},"end":{"line":19,"column":5}},"line":14},"3":{"name":"(anonymous_3)","decl":{"start":{"line":21,"column":4},"end":{"line":21,"column":5}},"loc":{"start":{"line":21,"column":30},"end":{"line":33,"column":5}},"line":21}},"branchMap":{"0":{"loc":{"start":{"line":6,"column":15},"end":{"line":6,"column":44}},"type":"cond-expr","locations":[{"start":{"line":6,"column":30},"end":{"line":6,"column":36}},{"start":{"line":6,"column":39},"end":{"line":6,"column":44}}],"line":6},"1":{"loc":{"start":{"line":11,"column":15},"end":{"line":11,"column":44}},"type":"cond-expr","locations":[{"start":{"line":11,"column":30},"end":{"line":11,"column":36}},{"start":{"line":11,"column":39},"end":{"line":11,"column":44}}],"line":11},"2":{"loc":{"start":{"line":17,"column":8},"end":{"line":17,"column":72}},"type":"if","locations":[{"start":{"line":17,"column":8},"end":{"line":17,"column":72}},{"start":{"line":17,"column":8},"end":{"line":17,"column":72}}],"line":17},"3":{"loc":{"start":{"line":17,"column":12},"end":{"line":17,"column":53}},"type":"binary-expr","locations":[{"start":{"line":17,"column":12},"end":{"line":17,"column":31}},{"start":{"line":17,"column":35},"end":{"line":17,"column":53}}],"line":17},"4":{"loc":{"start":{"line":23,"column":8},"end":{"line":23,"column":49}},"type":"if","locations":[{"start":{"line":23,"column":8},"end":{"line":23,"column":49}},{"start":{"line":23,"column":8},"end":{"line":23,"column":49}}],"line":23},"5":{"loc":{"start":{"line":26,"column":8},"end":{"line":26,"column":41}},"type":"if","locations":[{"start":{"line":26,"column":8},"end":{"line":26,"column":41}},{"start":{"line":26,"column":8},"end":{"line":26,"column":41}}],"line":26},"6":{"loc":{"start":{"line":29,"column":8},"end":{"line":29,"column":55}},"type":"if","locations":[{"start":{"line":29,"column":8},"end":{"line":29,"column":55}},{"start":{"line":29,"column":8},"end":{"line":29,"column":55}}],"line":29}},"s":{"0":16,"1":16,"2":12,"3":12,"4":16,"5":16,"6":16,"7":2,"8":14,"9":15,"10":15,"11":1,"12":14,"13":14,"14":4,"15":10,"16":10,"17":2,"18":8,"19":1},"f":{"0":16,"1":12,"2":16,"3":15},"b":{"0":[5,11],"1":[3,9],"2":[2,14],"3":[16,6],"4":[1,14],"5":[4,10],"6":[2,8]},"_coverageSchema":"43e27e138ebf9cfc5966b082cf9a028302ed4184","hash":"61caae6d7ce32ad4c347fcd233654a67de826e1f"}
}
