TN:
SF:/home/hyan/hyan/projects/tdd-jest-js/fizzbuzz.js
FN:4,(anonymous_0)
FN:9,(anonymous_1)
FN:14,(anonymous_2)
FN:21,(anonymous_3)
FNF:4
FNH:4
FNDA:16,(anonymous_0)
FNDA:12,(anonymous_1)
FNDA:16,(anonymous_2)
FNDA:15,(anonymous_3)
DA:5,16
DA:6,16
DA:10,12
DA:11,12
DA:15,16
DA:16,16
DA:17,16
DA:18,14
DA:22,15
DA:23,15
DA:25,14
DA:26,14
DA:28,10
DA:29,10
DA:31,8
DA:36,1
LF:16
LH:16
BRDA:6,0,0,5
BRDA:6,0,1,11
BRDA:11,1,0,3
BRDA:11,1,1,9
BRDA:17,2,0,2
BRDA:17,2,1,14
BRDA:17,3,0,16
BRDA:17,3,1,6
BRDA:23,4,0,1
BRDA:23,4,1,14
BRDA:26,5,0,4
BRDA:26,5,1,10
BRDA:29,6,0,2
BRDA:29,6,1,8
BRF:14
BRH:14
end_of_record
